2018-06-22 19:59:13.110  INFO 13144 --- [main] trationDelegate$BeanPostProcessorChecker : Bean 'webServiceConfig' of type [pi.vezbe.ws.WebServiceConfig$$EnhancerBySpringCGLIB$$c9a2b734] is not eligible for getting processed by all BeanPostProcessors (for example: not eligible for auto-proxying)
2018-06-22 19:59:13.119  INFO 13144 --- [main] trationDelegate$BeanPostProcessorChecker : Bean 'org.springframework.ws.config.annotation.DelegatingWsConfiguration' of type [org.springframework.ws.config.annotation.DelegatingWsConfiguration$$EnhancerBySpringCGLIB$$5f5c5cee] is not eligible for getting processed by all BeanPostProcessors (for example: not eligible for auto-proxying)
2018-06-22 19:59:13.186  INFO 13144 --- [main] .w.s.a.s.AnnotationActionEndpointMapping : Supporting [WS-Addressing August 2004, WS-Addressing 1.0]
2018-06-22 19:59:14.034  INFO 13144 --- [main] s.b.c.e.t.TomcatEmbeddedServletContainer : Tomcat initialized with port(s): 1234 (http)
2018-06-22 19:59:14.054  INFO 13144 --- [main] o.apache.catalina.core.StandardService   : Starting service [Tomcat]
2018-06-22 19:59:14.055  INFO 13144 --- [main] org.apache.catalina.core.StandardEngine  : Starting Servlet Engine: Apache Tomcat/8.5.23
2018-06-22 19:59:14.228  INFO 13144 --- [localhost-startStop-1] o.a.c.c.C.[Tomcat].[localhost].[/]       : Initializing Spring embedded WebApplicationContext
2018-06-22 19:59:14.229  INFO 13144 --- [localhost-startStop-1] o.s.web.context.ContextLoader            : Root WebApplicationContext: initialization completed in 2928 ms
2018-06-22 19:59:14.893  INFO 13144 --- [localhost-startStop-1] o.s.b.w.servlet.FilterRegistrationBean   : Mapping filter: 'characterEncodingFilter' to: [/*]
2018-06-22 19:59:14.894  INFO 13144 --- [localhost-startStop-1] o.s.b.w.servlet.FilterRegistrationBean   : Mapping filter: 'hiddenHttpMethodFilter' to: [/*]
2018-06-22 19:59:14.894  INFO 13144 --- [localhost-startStop-1] o.s.b.w.servlet.FilterRegistrationBean   : Mapping filter: 'httpPutFormContentFilter' to: [/*]
2018-06-22 19:59:14.894  INFO 13144 --- [localhost-startStop-1] o.s.b.w.servlet.FilterRegistrationBean   : Mapping filter: 'requestContextFilter' to: [/*]
2018-06-22 19:59:14.900  INFO 13144 --- [localhost-startStop-1] .s.DelegatingFilterProxyRegistrationBean : Mapping filter: 'springSecurityFilterChain' to: [/*]
2018-06-22 19:59:14.900  INFO 13144 --- [localhost-startStop-1] o.s.b.w.servlet.ServletRegistrationBean  : Mapping servlet: 'messageDispatcherServlet' to [/ws/*]
2018-06-22 19:59:14.901  INFO 13144 --- [localhost-startStop-1] o.s.b.w.servlet.ServletRegistrationBean  : Mapping servlet: 'dispatcherServlet' to [/]
2018-06-22 19:59:14.901  INFO 13144 --- [localhost-startStop-1] o.s.b.w.servlet.ServletRegistrationBean  : Mapping servlet: 'CXFServlet' to [/services/*]
2018-06-22 19:59:14.906  INFO 13144 --- [localhost-startStop-1] o.s.b.w.servlet.ServletRegistrationBean  : Mapping servlet: 'webServlet' to [/h2/*]
2018-06-22 19:59:15.463  INFO 13144 --- [main] j.LocalContainerEntityManagerFactoryBean : Building JPA container EntityManagerFactory for persistence unit 'default'
2018-06-22 19:59:15.480  INFO 13144 --- [main] o.hibernate.jpa.internal.util.LogHelper  : HHH000204: Processing PersistenceUnitInfo [
	name: default
	...]
2018-06-22 19:59:15.568  INFO 13144 --- [main] org.hibernate.Version                    : HHH000412: Hibernate Core {5.0.12.Final}
2018-06-22 19:59:15.576  INFO 13144 --- [main] org.hibernate.cfg.Environment            : HHH000206: hibernate.properties not found
2018-06-22 19:59:15.577  INFO 13144 --- [main] org.hibernate.cfg.Environment            : HHH000021: Bytecode provider name : javassist
2018-06-22 19:59:15.650  INFO 13144 --- [main] o.hibernate.annotations.common.Version   : HCANN000001: Hibernate Commons Annotations {5.0.1.Final}
2018-06-22 19:59:15.799  INFO 13144 --- [main] org.hibernate.dialect.Dialect            : HHH000400: Using dialect: org.hibernate.dialect.H2Dialect
2018-06-22 19:59:16.485  INFO 13144 --- [main] org.hibernate.tool.hbm2ddl.SchemaExport  : HHH000227: Running hbm2ddl schema export
2018-06-22 19:59:16.533  INFO 13144 --- [main] org.hibernate.tool.hbm2ddl.SchemaExport  : HHH000230: Schema export complete
2018-06-22 19:59:16.589  INFO 13144 --- [main] j.LocalContainerEntityManagerFactoryBean : Initialized JPA EntityManagerFactory for persistence unit 'default'
2018-06-22 19:59:16.930  INFO 13144 --- [main] o.s.jdbc.datasource.init.ScriptUtils     : Executing SQL script from URL [file:/C:/Users/Marko/git/XMLWebServisi_Bezbednost/GlavnaAplikacija/target/classes/data.sql]
2018-06-22 19:59:16.964  INFO 13144 --- [main] o.s.jdbc.datasource.init.ScriptUtils     : Executed SQL script from URL [file:/C:/Users/Marko/git/XMLWebServisi_Bezbednost/GlavnaAplikacija/target/classes/data.sql] in 29 ms.
2018-06-22 19:59:17.955  INFO 13144 --- [main] o.h.h.i.QueryTranslatorFactoryInitiator  : HHH000397: Using ASTQueryTranslatorFactory
2018-06-22 19:59:19.215  INFO 13144 --- [main] s.w.s.m.m.a.RequestMappingHandlerAdapter : Looking for @ControllerAdvice: org.springframework.boot.context.embedded.AnnotationConfigEmbeddedWebApplicationContext@6ea2bc93: startup date [Fri Jun 22 19:59:11 CEST 2018]; root of context hierarchy
2018-06-22 19:59:19.358  INFO 13144 --- [main] s.w.s.m.m.a.RequestMappingHandlerMapping : Mapped "{[/administrator/addDodatneUsluge],methods=[POST]}" onto public org.springframework.http.ResponseEntity<?> pi.vezbe.controller.AdminisrtatorController.addDodatneUsluge(pi.vezbe.dto.UslugaDTO)
2018-06-22 19:59:19.365  INFO 13144 --- [main] s.w.s.m.m.a.RequestMappingHandlerMapping : Mapped "{[/administrator/addAgent],methods=[POST]}" onto public org.springframework.http.ResponseEntity<?> pi.vezbe.controller.AdminisrtatorController.addAgent(pi.vezbe.dto.AgentDTO)
2018-06-22 19:59:19.372  INFO 13144 --- [main] s.w.s.m.m.a.RequestMappingHandlerMapping : Mapped "{[/administrator/addTipSmestaja],methods=[POST]}" onto public org.springframework.http.ResponseEntity<?> pi.vezbe.controller.AdminisrtatorController.addTipSmestaja(pi.vezbe.dto.TipSmestajaDTO)
2018-06-22 19:59:19.377  INFO 13144 --- [main] s.w.s.m.m.a.RequestMappingHandlerMapping : Mapped "{[/administrator/aktiviraj],methods=[POST]}" onto public boolean pi.vezbe.controller.AdminisrtatorController.aktiviraj(java.lang.String)
2018-06-22 19:59:19.378  INFO 13144 --- [main] s.w.s.m.m.a.RequestMappingHandlerMapping : Mapped "{[/administrator/izmeniUslugu],methods=[POST]}" onto public org.springframework.http.ResponseEntity<?> pi.vezbe.controller.AdminisrtatorController.izmeniUslugu(java.lang.String)
2018-06-22 19:59:19.384  INFO 13144 --- [main] s.w.s.m.m.a.RequestMappingHandlerMapping : Mapped "{[/administrator/objaviKomentar],methods=[POST]}" onto public boolean pi.vezbe.controller.AdminisrtatorController.objaviKomentar(java.lang.String)
2018-06-22 19:59:19.384  INFO 13144 --- [main] s.w.s.m.m.a.RequestMappingHandlerMapping : Mapped "{[/administrator/izmeniKategoriju],methods=[POST]}" onto public org.springframework.http.ResponseEntity<?> pi.vezbe.controller.AdminisrtatorController.izmeniKategoriju(java.lang.String)
2018-06-22 19:59:19.384  INFO 13144 --- [main] s.w.s.m.m.a.RequestMappingHandlerMapping : Mapped "{[/administrator/ukloniKategoriju],methods=[POST]}" onto public boolean pi.vezbe.controller.AdminisrtatorController.ukloniKategoriju(java.lang.String)
2018-06-22 19:59:19.385  INFO 13144 --- [main] s.w.s.m.m.a.RequestMappingHandlerMapping : Mapped "{[/administrator/ukloni],methods=[POST]}" onto public org.springframework.http.ResponseEntity<?> pi.vezbe.controller.AdminisrtatorController.ukloni(java.lang.String)
2018-06-22 19:59:19.385  INFO 13144 --- [main] s.w.s.m.m.a.RequestMappingHandlerMapping : Mapped "{[/administrator/showUsers],methods=[GET]}" onto public java.util.List<pi.vezbe.dto.KrajnjiKorisnikDTO> pi.vezbe.controller.AdminisrtatorController.showUsers()
2018-06-22 19:59:19.385  INFO 13144 --- [main] s.w.s.m.m.a.RequestMappingHandlerMapping : Mapped "{[/administrator/ukloniUslugu],methods=[POST]}" onto public boolean pi.vezbe.controller.AdminisrtatorController.ukloniUslugu(java.lang.String)
2018-06-22 19:59:19.385  INFO 13144 --- [main] s.w.s.m.m.a.RequestMappingHandlerMapping : Mapped "{[/administrator/showComments],methods=[GET]}" onto public java.util.List<pi.vezbe.dto.KomentarDTO> pi.vezbe.controller.AdminisrtatorController.showComments()
2018-06-22 19:59:19.386  INFO 13144 --- [main] s.w.s.m.m.a.RequestMappingHandlerMapping : Mapped "{[/administrator/tipSmestaja],methods=[GET]}" onto public java.util.List<pi.vezbe.dto.TipSmestajaDTO> pi.vezbe.controller.AdminisrtatorController.showTipSmestaja()
2018-06-22 19:59:19.391  INFO 13144 --- [main] s.w.s.m.m.a.RequestMappingHandlerMapping : Mapped "{[/administrator/blokiraj],methods=[POST]}" onto public boolean pi.vezbe.controller.AdminisrtatorController.blokiraj(java.lang.String)
2018-06-22 19:59:19.392  INFO 13144 --- [main] s.w.s.m.m.a.RequestMappingHandlerMapping : Mapped "{[/administrator/addKategorijaSmestaja],methods=[POST]}" onto public org.springframework.http.ResponseEntity<?> pi.vezbe.controller.AdminisrtatorController.addKategorijaSmestaja(pi.vezbe.dto.KategorijaSmestajaDTO)
2018-06-22 19:59:19.392  INFO 13144 --- [main] s.w.s.m.m.a.RequestMappingHandlerMapping : Mapped "{[/administrator/kategorijaSmestaja],methods=[GET]}" onto public java.util.List<pi.vezbe.dto.KategorijaSmestajaDTO> pi.vezbe.controller.AdminisrtatorController.showKategorijaSmestaja()
2018-06-22 19:59:19.393  INFO 13144 --- [main] s.w.s.m.m.a.RequestMappingHandlerMapping : Mapped "{[/administrator/dodatneUsluge],methods=[GET]}" onto public java.util.List<pi.vezbe.dto.UslugaDTO> pi.vezbe.controller.AdminisrtatorController.showDodatneUsluge()
2018-06-22 19:59:19.393  INFO 13144 --- [main] s.w.s.m.m.a.RequestMappingHandlerMapping : Mapped "{[/administrator/sacuvajIzmenuUsluge],methods=[POST]}" onto public org.springframework.http.ResponseEntity<?> pi.vezbe.controller.AdminisrtatorController.sacuvajIzmenuUsluge(pi.vezbe.model.Usluga)
2018-06-22 19:59:19.394  INFO 13144 --- [main] s.w.s.m.m.a.RequestMappingHandlerMapping : Mapped "{[/administrator/izmeniTipSmestaja],methods=[POST]}" onto public org.springframework.http.ResponseEntity<?> pi.vezbe.controller.AdminisrtatorController.izmeniTipSmestaja(java.lang.String)
2018-06-22 19:59:19.394  INFO 13144 --- [main] s.w.s.m.m.a.RequestMappingHandlerMapping : Mapped "{[/administrator/ukloniTipSmestaja],methods=[POST]}" onto public boolean pi.vezbe.controller.AdminisrtatorController.ukloniTipSmestaja(java.lang.String)
2018-06-22 19:59:19.394  INFO 13144 --- [main] s.w.s.m.m.a.RequestMappingHandlerMapping : Mapped "{[/administrator/sacuvajIzmenuKategorijeSmestaja],methods=[POST]}" onto public org.springframework.http.ResponseEntity<?> pi.vezbe.controller.AdminisrtatorController.sacuvajIzmenuKategorijeSmestaja(pi.vezbe.model.KategorijaSmestaja)
2018-06-22 19:59:19.394  INFO 13144 --- [main] s.w.s.m.m.a.RequestMappingHandlerMapping : Mapped "{[/administrator/sacuvajIzmenuTipaSmestaja],methods=[POST]}" onto public org.springframework.http.ResponseEntity<?> pi.vezbe.controller.AdminisrtatorController.sacuvajIzmenuTipaSmestaja(pi.vezbe.model.TipSmestaja)
2018-06-22 19:59:19.395  INFO 13144 --- [main] s.w.s.m.m.a.RequestMappingHandlerMapping : Mapped "{[/chat/findAllByKorisniciId],methods=[GET]}" onto public org.springframework.http.ResponseEntity<?> pi.vezbe.controller.ChatController.findAllByKorisniciId()
2018-06-22 19:59:19.395  INFO 13144 --- [main] s.w.s.m.m.a.RequestMappingHandlerMapping : Mapped "{[/kategorijaSmestaja/getSveKategorije],methods=[GET]}" onto public org.springframework.http.ResponseEntity<?> pi.vezbe.controller.KategorijaSmestajaController.getSveKategorije()
2018-06-22 19:59:19.396  INFO 13144 --- [main] s.w.s.m.m.a.RequestMappingHandlerMapping : Mapped "{[/komentar/comment/{idSmestaj}],methods=[POST]}" onto public org.springframework.http.ResponseEntity<?> pi.vezbe.controller.KomentarController.comment(java.lang.Long,java.lang.String)
2018-06-22 19:59:19.396  INFO 13144 --- [main] s.w.s.m.m.a.RequestMappingHandlerMapping : Mapped "{[/komentar/getBySmestaj/{idSmestaj}],methods=[GET]}" onto public org.springframework.http.ResponseEntity<?> pi.vezbe.controller.KomentarController.getBySmestaj(java.lang.Long)
2018-06-22 19:59:19.396  INFO 13144 --- [main] s.w.s.m.m.a.RequestMappingHandlerMapping : Mapped "{[/ocena/oceniSmestaj/{idSmestaj}],methods=[POST]}" onto public org.springframework.http.ResponseEntity<?> pi.vezbe.controller.OcenaController.oceniSmestaj(java.lang.Long,java.lang.String)
2018-06-22 19:59:19.397  INFO 13144 --- [main] s.w.s.m.m.a.RequestMappingHandlerMapping : Mapped "{[/ponuda/search/{advanced}/{sort}],methods=[POST]}" onto public org.springframework.http.ResponseEntity<?> pi.vezbe.controller.PonudaController.search(int,int,pi.vezbe.dto.SearchDTO)
2018-06-22 19:59:19.397  INFO 13144 --- [main] s.w.s.m.m.a.RequestMappingHandlerMapping : Mapped "{[/ponuda/getBySmestaj/{idSmestaj}],methods=[GET]}" onto public org.springframework.http.ResponseEntity<?> pi.vezbe.controller.PonudaController.getBySmestaj(java.lang.Long)
2018-06-22 19:59:19.403  INFO 13144 --- [main] s.w.s.m.m.a.RequestMappingHandlerMapping : Mapped "{[/ponudaUsluga/getByPonuda/{idPonuda}],methods=[GET]}" onto public org.springframework.http.ResponseEntity<?> pi.vezbe.controller.PonudaUslugaController.getByPonuda(java.lang.Long)
2018-06-22 19:59:19.404  INFO 13144 --- [main] s.w.s.m.m.a.RequestMappingHandlerMapping : Mapped "{[/poruka/sendMessage/{idPrimalac}],methods=[POST]}" onto public org.springframework.http.ResponseEntity<?> pi.vezbe.controller.PorukaController.sendMessage(java.lang.Long,java.lang.String)
2018-06-22 19:59:19.405  INFO 13144 --- [main] s.w.s.m.m.a.RequestMappingHandlerMapping : Mapped "{[/poruka/getPoruke/{idChat}],methods=[GET]}" onto public org.springframework.http.ResponseEntity<?> pi.vezbe.controller.PorukaController.getPoruke(java.lang.Long)
2018-06-22 19:59:19.405  INFO 13144 --- [main] s.w.s.m.m.a.RequestMappingHandlerMapping : Mapped "{[/poruka/seen/{idChat}],methods=[PUT]}" onto public org.springframework.http.ResponseEntity<?> pi.vezbe.controller.PorukaController.seen(java.lang.Long)
2018-06-22 19:59:19.405  INFO 13144 --- [main] s.w.s.m.m.a.RequestMappingHandlerMapping : Mapped "{[/poruka/posaljiPorukuUChat/{idChat}],methods=[POST]}" onto public org.springframework.http.ResponseEntity<?> pi.vezbe.controller.PorukaController.posaljiPorukuUChat(java.lang.Long,java.lang.String)
2018-06-22 19:59:19.406  INFO 13144 --- [main] s.w.s.m.m.a.RequestMappingHandlerMapping : Mapped "{[/rezervacija/reserve/{idPonuda}],methods=[POST]}" onto public org.springframework.http.ResponseEntity<?> pi.vezbe.controller.RezervacijeController.reserve(java.lang.Long)
2018-06-22 19:59:19.406  INFO 13144 --- [main] s.w.s.m.m.a.RequestMappingHandlerMapping : Mapped "{[/rezervacija/cancelReservation/{idRezervacije}],methods=[DELETE]}" onto public org.springframework.http.ResponseEntity<?> pi.vezbe.controller.RezervacijeController.cancelReservation(java.lang.Long)
2018-06-22 19:59:19.406  INFO 13144 --- [main] s.w.s.m.m.a.RequestMappingHandlerMapping : Mapped "{[/slika/getBySmestaj/{idSmestaj}],methods=[GET]}" onto public org.springframework.http.ResponseEntity<?> pi.vezbe.controller.SlikaController.getBySmestaj(java.lang.Long)
2018-06-22 19:59:19.407  INFO 13144 --- [main] s.w.s.m.m.a.RequestMappingHandlerMapping : Mapped "{[/smestaj/getByLocation],methods=[POST]}" onto public org.springframework.http.ResponseEntity<?> pi.vezbe.controller.SmestajController.getByLocation(java.lang.String)
2018-06-22 19:59:19.407  INFO 13144 --- [main] s.w.s.m.m.a.RequestMappingHandlerMapping : Mapped "{[/smestaj/getLocations],methods=[GET]}" onto public org.springframework.http.ResponseEntity<?> pi.vezbe.controller.SmestajController.getLocations()
2018-06-22 19:59:19.407  INFO 13144 --- [main] s.w.s.m.m.a.RequestMappingHandlerMapping : Mapped "{[/smestaj/getSmestaj/{idSmestaja}],methods=[GET]}" onto public org.springframework.http.ResponseEntity<?> pi.vezbe.controller.SmestajController.getSmestaj(java.lang.Long)
2018-06-22 19:59:19.408  INFO 13144 --- [main] s.w.s.m.m.a.RequestMappingHandlerMapping : Mapped "{[/smestajVlasnik/getVlasnik/{idSmestaja}],methods=[GET]}" onto public org.springframework.http.ResponseEntity<?> pi.vezbe.controller.SmestajVlasnikController.getSmestaj(java.lang.Long)
2018-06-22 19:59:19.408  INFO 13144 --- [main] s.w.s.m.m.a.RequestMappingHandlerMapping : Mapped "{[/tipSmestaja/getSviTipovi],methods=[GET]}" onto public org.springframework.http.ResponseEntity<?> pi.vezbe.controller.TipSmestajaController.getSviTipovi()
2018-06-22 19:59:19.409  INFO 13144 --- [main] s.w.s.m.m.a.RequestMappingHandlerMapping : Mapped "{[/user/register],methods=[POST]}" onto public org.springframework.http.ResponseEntity<?> pi.vezbe.controller.UserController.register(pi.vezbe.dto.RegisterDTO)
2018-06-22 19:59:19.410  INFO 13144 --- [main] s.w.s.m.m.a.RequestMappingHandlerMapping : Mapped "{[/user/getLoggedIn],methods=[GET]}" onto public org.springframework.http.ResponseEntity<?> pi.vezbe.controller.UserController.getLoggedIn(javax.servlet.http.HttpServletResponse,javax.servlet.http.HttpServletRequest)
2018-06-22 19:59:19.410  INFO 13144 --- [main] s.w.s.m.m.a.RequestMappingHandlerMapping : Mapped "{[/user/loginAgent],methods=[POST]}" onto public org.springframework.http.ResponseEntity<?> pi.vezbe.controller.UserController.loginAgent(pi.vezbe.dto.LoginDTO)
2018-06-22 19:59:19.410  INFO 13144 --- [main] s.w.s.m.m.a.RequestMappingHandlerMapping : Mapped "{[/user/logout],methods=[POST]}" onto public org.springframework.http.ResponseEntity<?> pi.vezbe.controller.UserController.signout()
2018-06-22 19:59:19.410  INFO 13144 --- [main] s.w.s.m.m.a.RequestMappingHandlerMapping : Mapped "{[/user/changePassword],methods=[POST]}" onto public org.springframework.http.ResponseEntity<?> pi.vezbe.controller.UserController.changePassword(pi.vezbe.dto.ChangePasswordDTO)
2018-06-22 19:59:19.411  INFO 13144 --- [main] s.w.s.m.m.a.RequestMappingHandlerMapping : Mapped "{[/user/loginAdmin],methods=[POST]}" onto public org.springframework.http.ResponseEntity<?> pi.vezbe.controller.UserController.loginAdmin(pi.vezbe.dto.LoginDTO)
2018-06-22 19:59:19.411  INFO 13144 --- [main] s.w.s.m.m.a.RequestMappingHandlerMapping : Mapped "{[/user/loginRegistered],methods=[POST]}" onto public org.springframework.http.ResponseEntity<?> pi.vezbe.controller.UserController.loginRegistered(pi.vezbe.dto.LoginDTO,javax.servlet.http.HttpServletResponse,javax.servlet.http.HttpServletRequest)
2018-06-22 19:59:19.411  INFO 13144 --- [main] s.w.s.m.m.a.RequestMappingHandlerMapping : Mapped "{[/user/getReservations],methods=[GET]}" onto public org.springframework.http.ResponseEntity<?> pi.vezbe.controller.UserController.getReservations()
2018-06-22 19:59:19.411  INFO 13144 --- [main] s.w.s.m.m.a.RequestMappingHandlerMapping : Mapped "{[/user/checkReservations/{idSmestaja}],methods=[POST]}" onto public org.springframework.http.ResponseEntity<?> pi.vezbe.controller.UserController.checkReservations(java.lang.Long)
2018-06-22 19:59:19.412  INFO 13144 --- [main] s.w.s.m.m.a.RequestMappingHandlerMapping : Mapped "{[/usluga/getUsluge],methods=[GET]}" onto public org.springframework.http.ResponseEntity<?> pi.vezbe.controller.UslugaController.getUsluge()
2018-06-22 19:59:19.414  INFO 13144 --- [main] s.w.s.m.m.a.RequestMappingHandlerMapping : Mapped "{[/error]}" onto public org.springframework.http.ResponseEntity<java.util.Map<java.lang.String, java.lang.Object>> org.springframework.boot.autoconfigure.web.BasicErrorController.error(javax.servlet.http.HttpServletRequest)
2018-06-22 19:59:19.414  INFO 13144 --- [main] s.w.s.m.m.a.RequestMappingHandlerMapping : Mapped "{[/error],produces=[text/html]}" onto public org.springframework.web.servlet.ModelAndView org.springframework.boot.autoconfigure.web.BasicErrorController.errorHtml(javax.servlet.http.HttpServletRequest,javax.servlet.http.HttpServletResponse)
2018-06-22 19:59:19.551  INFO 13144 --- [main] o.s.w.s.handler.SimpleUrlHandlerMapping  : Mapped URL path [/webjars/**] onto handler of type [class org.springframework.web.servlet.resource.ResourceHttpRequestHandler]
2018-06-22 19:59:19.551  INFO 13144 --- [main] o.s.w.s.handler.SimpleUrlHandlerMapping  : Mapped URL path [/**] onto handler of type [class org.springframework.web.servlet.resource.ResourceHttpRequestHandler]
2018-06-22 19:59:19.693  INFO 13144 --- [main] o.s.w.s.handler.SimpleUrlHandlerMapping  : Mapped URL path [/**/favicon.ico] onto handler of type [class org.springframework.web.servlet.resource.ResourceHttpRequestHandler]
2018-06-22 19:59:19.759  INFO 13144 --- [main] oConfiguration$WelcomePageHandlerMapping : Adding welcome page: class path resource [static/index.html]
2018-06-22 19:59:20.401  INFO 13144 --- [main] b.a.s.AuthenticationManagerConfiguration : 

Using default security password: dafaffc7-8958-460c-b7e6-ffe8f37c5ac6

2018-06-22 19:59:20.478  INFO 13144 --- [main] o.s.s.web.DefaultSecurityFilterChain     : Creating filter chain: OrRequestMatcher [requestMatchers=[Ant [pattern='/css/**'], Ant [pattern='/js/**'], Ant [pattern='/images/**'], Ant [pattern='/webjars/**'], Ant [pattern='/**/favicon.ico'], Ant [pattern='/error']]], []
2018-06-22 19:59:20.577  INFO 13144 --- [main] o.s.s.web.DefaultSecurityFilterChain     : Creating filter chain: org.springframework.security.web.util.matcher.AnyRequestMatcher@1, [org.springframework.security.web.context.request.async.WebAsyncManagerIntegrationFilter@6a5a99d9, org.springframework.security.web.context.SecurityContextPersistenceFilter@14f03f2, org.springframework.security.web.header.HeaderWriterFilter@11df0bc7, org.springframework.security.web.authentication.logout.LogoutFilter@cf82c58, org.springframework.security.web.savedrequest.RequestCacheAwareFilter@31f4fdc5, org.springframework.security.web.servletapi.SecurityContextHolderAwareRequestFilter@6a577564, org.springframework.security.web.authentication.rememberme.RememberMeAuthenticationFilter@5aff8207, org.springframework.security.web.authentication.AnonymousAuthenticationFilter@278df226, org.springframework.security.web.session.SessionManagementFilter@6ccfce5a, org.springframework.security.web.access.ExceptionTranslationFilter@4349389d]
2018-06-22 19:59:20.630  INFO 13144 --- [main] o.s.s.web.DefaultSecurityFilterChain     : Creating filter chain: Ant [pattern='/h2/**'], [org.springframework.security.web.context.request.async.WebAsyncManagerIntegrationFilter@22db12f6, org.springframework.security.web.context.SecurityContextPersistenceFilter@138110f8, org.springframework.security.web.header.HeaderWriterFilter@6a486afb, org.springframework.security.web.authentication.logout.LogoutFilter@40874f54, org.springframework.security.web.authentication.www.BasicAuthenticationFilter@3599b7e8, org.springframework.security.web.savedrequest.RequestCacheAwareFilter@4fe8ac61, org.springframework.security.web.servletapi.SecurityContextHolderAwareRequestFilter@665e18d5, org.springframework.security.web.authentication.AnonymousAuthenticationFilter@68e6856c, org.springframework.security.web.session.SessionManagementFilter@30623109, org.springframework.security.web.access.ExceptionTranslationFilter@c6a1be2, org.springframework.security.web.access.intercept.FilterSecurityInterceptor@3cc5ca01]
2018-06-22 19:59:20.636  INFO 13144 --- [main] o.s.s.web.DefaultSecurityFilterChain     : Creating filter chain: OrRequestMatcher [requestMatchers=[Ant [pattern='/**']]], [org.springframework.security.web.context.request.async.WebAsyncManagerIntegrationFilter@6a2b6031, org.springframework.security.web.context.SecurityContextPersistenceFilter@3c89fdd8, org.springframework.security.web.header.HeaderWriterFilter@54c1878b, org.springframework.security.web.authentication.logout.LogoutFilter@2e895acb, org.springframework.security.web.authentication.www.BasicAuthenticationFilter@5d1d05ff, org.springframework.security.web.savedrequest.RequestCacheAwareFilter@665c79a2, org.springframework.security.web.servletapi.SecurityContextHolderAwareRequestFilter@3e79473d, org.springframework.security.web.authentication.AnonymousAuthenticationFilter@2e4262d2, org.springframework.security.web.session.SessionManagementFilter@27f6e2c3, org.springframework.security.web.access.ExceptionTranslationFilter@1fa8a4f7, org.springframework.security.web.access.intercept.FilterSecurityInterceptor@7d018c58]
2018-06-22 19:59:20.994  INFO 13144 --- [main] o.s.j.e.a.AnnotationMBeanExporter        : Registering beans for JMX exposure on startup
2018-06-22 19:59:21.070  INFO 13144 --- [main] s.b.c.e.t.TomcatEmbeddedServletContainer : Tomcat started on port(s): 1234 (http)
2018-06-22 19:59:21.079  INFO 13144 --- [main] pi.vezbe.Vezbe1Application               : Started Vezbe1Application in 10.205 seconds (JVM running for 10.788)
2018-06-22 19:59:57.934  INFO 13144 --- [http-nio-1234-exec-1] o.a.c.c.C.[Tomcat].[localhost].[/]       : Initializing Spring FrameworkServlet 'messageDispatcherServlet'
2018-06-22 19:59:57.935  INFO 13144 --- [http-nio-1234-exec-1] o.s.w.t.http.MessageDispatcherServlet    : FrameworkServlet 'messageDispatcherServlet': initialization started
2018-06-22 19:59:57.941  INFO 13144 --- [http-nio-1234-exec-1] o.s.ws.soap.saaj.SaajSoapMessageFactory  : Creating SAAJ 1.3 MessageFactory with SOAP 1.1 Protocol
2018-06-22 19:59:57.962  INFO 13144 --- [http-nio-1234-exec-1] o.s.w.t.http.MessageDispatcherServlet    : FrameworkServlet 'messageDispatcherServlet': initialization completed in 27 ms
